<?xml version="1.0" encoding="UTF-8"?>
<!-- Generated by org.testng.reporters.JUnitReportReporter -->
<testsuite hostname="LAPTOP-IB1UAV2J" failures="0" tests="2" name="Runnerfile.TestRunner" time="7.591" errors="0" timestamp="2024-06-14T11:32:20 IST" skipped="0">
  <testcase classname="Runnerfile.TestRunner" name="runScenario" time="3.194"/>
  <system-out/>
  <testcase classname="Runnerfile.TestRunner" name="runScenario" time="4.397"/>
  <system-out/>
</testsuite> <!-- Runnerfile.TestRunner -->
